Checking if remote manifest is accessible...
Getting manifests from remote server...

Found environment variable CyRemoteManifestOverride=https://itools.infineon.cn/mtb/manifests/mtb-super-manifest-fv2.xml
Processing super-manifest https://itools.infineon.cn/mtb/manifests/mtb-super-manifest-fv2.xml...
One or more elements/attributes was ignored from manifest https://itools.infineon.cn/mtb/manifests/mtb-mw-manifest-fv2.xml. Run using the --verbose flag for additional details.
Successfully acquired the information.

Summary: 

BSP: CY8CKIT-062S2-43012
Template Application(s): CAPSENSE Buttons and Slider FreeRTOS
Application(s) Root Path: D:/workspace/Infineon_Contest/Infineon_SmartLight/MasterNode

Press "Create" to create the selected application(s).
Collecting application data...


Info: The following entered on the command line will create the exact same project as that created with the GUI tool:
C:/Infineon/Tools/ModusToolbox/tools_2.4/project-creator/project-creator-cli.exe --board-id CY8CKIT-062S2-43012 --board-uri https://github.com/cypresssemiconductorco/TARGET_CY8CKIT-062S2-43012 --board-commit latest-v3.X --app-id mtb-example-psoc6-capsense-buttons-slider-freertos --app-uri https://github.com/cypresssemiconductorco/mtb-example-psoc6-capsense-buttons-slider-freertos --app-commit latest-v3.X --cypress-tools C:/Infineon/Tools/ModusToolbox/tools_2.4 --target-dir D:/workspace/Infineon_Contest/Infineon_SmartLight/MasterNode --user-app-name PSoC62_MasterNode --output-for-machine --use-modus-shell


==============================================================================
= Cloning 'mtb-example-psoc6-capsense-buttons-slider-freertos' =
==============================================================================
Cloning https://github.com/cypresssemiconductorco/mtb-example-psoc6-capsense-buttons-slider-freertos into D:/workspace/Infineon_Contest/Infineon_SmartLight/MasterNode directory...
env git clone --progress --origin cypress https://github.com/cypresssemiconductorco/mtb-example-psoc6-capsense-buttons-slider-freertos PSoC62_MasterNode
Cloning into 'PSoC62_MasterNode'...
remote: Enumerating objects: 104, done.        
remote: Counting objects: 100% (28/28), done.        
remote: Compressing objects: 100% (18/18), done.        
remote: Total 104 (delta 11), reused 21 (delta 10), pack-reused 76        
Receiving objects: 100% (104/104), 264.31 KiB | 3.52 MiB/s, done.
Resolving deltas: 100% (49/49), done.

Checking out latest-v3.X...
env git checkout --progress latest-v3.X
Note: switching to 'latest-v3.X'.

You are in 'detached HEAD' state. You can look around, make experimental
changes and commit them, and you can discard any commits you make in this
state without impacting any branches by switching back to a branch.

If you want to create a new branch to retain commits you create, you may
do so (now or later) by using -c with the switch command. Example:

  git switch -c <new-branch-name>

Or undo this operation with:

  git switch -

Turn off this advice by setting config variable advice.detachedHead to false

HEAD is now at 4adedfb Upload mtb-example-psoc6-capsense-buttons-slider-freertos 3.0.0.187

==============================================================================
= Creating "TARGET_CY8CKIT-062S2-43012.mtb" file(s) =
==============================================================================
D:/workspace/Infineon_Contest/Infineon_SmartLight/MasterNode/PSoC62_MasterNode/deps/TARGET_CY8CKIT-062S2-43012.mtb was added
D:/workspace/Infineon_Contest/Infineon_SmartLight/MasterNode/PSoC62_MasterNode/deps/TARGET_CY8CPROTO-062-4343W.mtb was removed

==============================================================================
= Updating Makefile for "PSoC62_MasterNode" =
==============================================================================

==============================================================================
= Applying the Latest Version Locking for "PSoC62_MasterNode" =
==============================================================================
D:/workspace/Infineon_Contest/Infineon_SmartLight/MasterNode/PSoC62_MasterNode/deps/TARGET_CY8CKIT-062S2-43012.mtb was updated

==============================================================================
= Getting Dependencies for "PSoC62_MasterNode" =
==============================================================================
C:/Infineon/Tools/ModusToolbox/tools_2.4/modus-shell/bin/make.exe getlibs CY_TOOLS_PATHS=C:/Infineon/Tools/ModusToolbox/tools_2.4
Tools Directory: C:/Infineon/Tools/ModusToolbox/tools_2.4

==============================================================================
= Importing libraries =
==============================================================================
Git is git version 2.33.0, found at /usr/bin/git

Resolving dependencies...
Checking if remote manifest is accessible...
Getting manifests from remote server...
Found environment variable CyRemoteManifestOverride=https://itools.infineon.cn/mtb/manifests/mtb-super-manifest-fv2.xml
Processing super-manifest https://itools.infineon.cn/mtb/manifests/mtb-super-manifest-fv2.xml...
One or more elements/attributes was ignored from manifest https://itools.infineon.cn/mtb/manifests/mtb-mw-manifest-fv2.xml. Run using the --verbose flag for additional details.
Successfully acquired the information.
INFO - Warning: Multiple versions of "core-make" requested. Keeping version "latest-v1.X" and discarding version "release-v1.9.0".
D:/workspace/Infineon_Contest/Infineon_SmartLight/MasterNode/PSoC62_MasterNode/libs/abstraction-rtos.mtb was added
D:/workspace/Infineon_Contest/Infineon_SmartLight/MasterNode/PSoC62_MasterNode/libs/capsense.mtb was added
D:/workspace/Infineon_Contest/Infineon_SmartLight/MasterNode/PSoC62_MasterNode/libs/clib-support.mtb was added
D:/workspace/Infineon_Contest/Infineon_SmartLight/MasterNode/PSoC62_MasterNode/libs/core-lib.mtb was added
D:/workspace/Infineon_Contest/Infineon_SmartLight/MasterNode/PSoC62_MasterNode/libs/core-make.mtb was added
D:/workspace/Infineon_Contest/Infineon_SmartLight/MasterNode/PSoC62_MasterNode/libs/mtb-hal-cat1.mtb was added
D:/workspace/Infineon_Contest/Infineon_SmartLight/MasterNode/PSoC62_MasterNode/libs/mtb-pdl-cat1.mtb was added
D:/workspace/Infineon_Contest/Infineon_SmartLight/MasterNode/PSoC62_MasterNode/libs/psoc6cm0p.mtb was added
D:/workspace/Infineon_Contest/Infineon_SmartLight/MasterNode/PSoC62_MasterNode/libs/recipe-make-cat1a.mtb was added
Dependencies resolved.

Searching application directory (.mtb)...
Found 11 .mtb file(s)
    Processing file "D:/workspace/Infineon_Contest/Infineon_SmartLight/MasterNode/PSoC62_MasterNode/deps/TARGET_CY8CKIT-062S2-43012.mtb"
    Processing file "D:/workspace/Infineon_Contest/Infineon_SmartLight/MasterNode/PSoC62_MasterNode/deps/freertos.mtb"
    Processing file "D:/workspace/Infineon_Contest/Infineon_SmartLight/MasterNode/PSoC62_MasterNode/libs/abstraction-rtos.mtb"
    Processing file "D:/workspace/Infineon_Contest/Infineon_SmartLight/MasterNode/PSoC62_MasterNode/libs/capsense.mtb"
    Processing file "D:/workspace/Infineon_Contest/Infineon_SmartLight/MasterNode/PSoC62_MasterNode/libs/clib-support.mtb"
    Processing file "D:/workspace/Infineon_Contest/Infineon_SmartLight/MasterNode/PSoC62_MasterNode/libs/core-lib.mtb"
    Processing file "D:/workspace/Infineon_Contest/Infineon_SmartLight/MasterNode/PSoC62_MasterNode/libs/core-make.mtb"
    Processing file "D:/workspace/Infineon_Contest/Infineon_SmartLight/MasterNode/PSoC62_MasterNode/libs/mtb-hal-cat1.mtb"
    Processing file "D:/workspace/Infineon_Contest/Infineon_SmartLight/MasterNode/PSoC62_MasterNode/libs/mtb-pdl-cat1.mtb"
    Processing file "D:/workspace/Infineon_Contest/Infineon_SmartLight/MasterNode/PSoC62_MasterNode/libs/psoc6cm0p.mtb"
    Processing file "D:/workspace/Infineon_Contest/Infineon_SmartLight/MasterNode/PSoC62_MasterNode/libs/recipe-make-cat1a.mtb"
Libraries processed.
Created file "D:/workspace/Infineon_Contest/Infineon_SmartLight/MasterNode/PSoC62_MasterNode/libs/mtb.mk".


==============================================================================
= Import complete =
==============================================================================

Project "PSoC62_MasterNode" created successfully.
==============================================================================
= Export "PSoC62_MasterNode" application to Eclipse IDE for ModusToolbox™ =
==============================================================================
C:/Infineon/Tools/ModusToolbox/tools_2.4/modus-shell/bin/make.exe eclipse CY_IDE_PRJNAME=PSoC62_MasterNode CY_MAKE_IDE=eclipse CY_MAKE_IDE_VERSION=2.4 CY_TOOLS_PATHS=C:/Infineon/Tools/ModusToolbox/tools_2.4
Tools Directory: C:/Infineon/Tools/ModusToolbox/tools_2.4
CY8CKIT-062S2-43012.mk: ./libs/TARGET_CY8CKIT-062S2-43012/CY8CKIT-062S2-43012.mk

Running device-configurator to update stale files...
Log file= "C:/Users/Bedair/AppData/Local/Temp/device-configurator-cli/device-configurator-cli-20230930.111448.758-10284.log"
Command line= "C:/Infineon/Tools/ModusToolbox/tools_2.4/device-configurator/device-configurator-cli.exe --library ../mtb_shared/mtb-pdl-cat1/release-v2.4.1/devicesupport.xml --build ./libs/TARGET_CY8CKIT-062S2-43012/COMPONENT_BSP_DESIGN_MODUS/design.modus --check-mcu=CY8C624ABZI-S2D44 --check-coprocessors=CYW43012C0WKWBG --readonly"
-> Generated device configuration file(s) in ./libs/TARGET_CY8CKIT-062S2-43012/COMPONENT_BSP_DESIGN_MODUS/GeneratedSource

Prebuild operations complete
Commencing build operations...

Tools Directory: C:/Infineon/Tools/ModusToolbox/tools_2.4
CY8CKIT-062S2-43012.mk: ./libs/TARGET_CY8CKIT-062S2-43012/CY8CKIT-062S2-43012.mk

Initializing build: mtb-example-psoc6-capsense-buttons-slider-freertos Debug CY8CKIT-062S2-43012 GCC_ARM

Auto-discovery in progress...
-> Found 266 .c file(s)
-> Found 47 .S file(s)
-> Found 25 .s file(s)
-> Found 0 .cpp file(s)
-> Found 0 .o file(s)
-> Found 6 .a file(s)
-> Found 637 .h file(s)
-> Found 0 .hpp file(s)
-> Found 0 resource file(s)
Applying filters...
Auto-discovery complete

Constructing build rules...
Build rules construction complete

==============================================================================
= Generating IDE files =
==============================================================================

Generated Eclipse launch config files:  "PSoC62_MasterNode Attach (JLink).launch" "PSoC62_MasterNode Attach (KitProg3_MiniProg4).launch" "PSoC62_MasterNode Debug (JLink).launch" "PSoC62_MasterNode Debug (KitProg3_MiniProg4).launch" "PSoC62_MasterNode Erase (JLink).launch" "PSoC62_MasterNode Erase (KitProg3_MiniProg4).launch" "PSoC62_MasterNode Program (JLink).launch" "PSoC62_MasterNode Program (KitProg3_MiniProg4).launch"
  
The project "PSoC62_MasterNode" was successfully exported to Eclipse IDE for ModusToolbox™.

Successfully created and exported "PSoC62_MasterNode" application.
